<component name="ArtifactManager">
  <artifact type="jar" name="junit5-jupiter-starter-maven:jar">
    <output-path>$PROJECT_DIR$/out/artifacts/junit5_jupiter_starter_maven_jar</output-path>
    <root id="archive" name="junit5-jupiter-starter-maven.jar">
      <element id="module-output" name="junit5-jupiter-starter-maven" />
      <element id="module-test-output" name="junit5-jupiter-starter-maven" />
      <element id="extracted-dir" path="$MAVEN_REPOSITORY$/org/junit/jupiter/junit-jupiter/5.10.1/junit-jupiter-5.10.1.jar" path-in-jar="/" />
      <element id="extracted-dir" path="$MAVEN_REPOSITORY$/org/opentest4j/opentest4j/1.3.0/opentest4j-1.3.0.jar" path-in-jar="/" />
      <element id="extracted-dir" path="$MAVEN_REPOSITORY$/org/junit/jupiter/junit-jupiter-engine/5.10.1/junit-jupiter-engine-5.10.1.jar" path-in-jar="/" />
      <element id="extracted-dir" path="$MAVEN_REPOSITORY$/org/junit/platform/junit-platform-commons/1.10.1/junit-platform-commons-1.10.1.jar" path-in-jar="/" />
      <element id="extracted-dir" path="$MAVEN_REPOSITORY$/org/apiguardian/apiguardian-api/1.1.2/apiguardian-api-1.1.2.jar" path-in-jar="/" />
      <element id="extracted-dir" path="$MAVEN_REPOSITORY$/org/junit/jupiter/junit-jupiter-params/5.10.1/junit-jupiter-params-5.10.1.jar" path-in-jar="/" />
      <element id="extracted-dir" path="$MAVEN_REPOSITORY$/org/junit/jupiter/junit-jupiter-api/5.10.1/junit-jupiter-api-5.10.1.jar" path-in-jar="/" />
      <element id="extracted-dir" path="$MAVEN_REPOSITORY$/org/junit/platform/junit-platform-engine/1.10.1/junit-platform-engine-1.10.1.jar" path-in-jar="/" />
    </root>
  </artifact>
</component>